[01m[K/home/fourfold/dev/inmind sessions/inmind-session-12/vacuum-cleaner-robot/src/vacuum_cleaner_robot/src/navigator.cpp:[m[K In member function â€˜[01m[Kgeometry_msgs::msg::Vector3 Navigator::get_repulsive_force()[m[Kâ€™:
[01m[K/home/fourfold/dev/inmind sessions/inmind-session-12/vacuum-cleaner-robot/src/vacuum_cleaner_robot/src/navigator.cpp:55:13:[m[K [01;31m[Kerror: [m[Kreturn-statement with no value, in function returning â€˜[01m[Kgeometry_msgs::msg::Vector3[m[Kâ€™ {aka â€˜[01m[Kgeometry_msgs::msg::Vector3_<std::allocator<void> >[m[Kâ€™} [[01;31m[K]8;;https://gcc.gnu.org/onlinedocs/gcc/Warning-Options.html#index-fpermissive-fpermissive]8;;[m[K]
   55 |             [01;31m[Kreturn[m[K;
      |             [01;31m[K^~~~~~[m[K
[01m[K/home/fourfold/dev/inmind sessions/inmind-session-12/vacuum-cleaner-robot/src/vacuum_cleaner_robot/src/obstacle_avoidance_server.cpp:[m[K In member function â€˜[01m[Kvoid ObstacleAvoidanceServer::obstacle_avoidance_callback(std::shared_ptr<vacuum_cleaner_robot_custom_interfaces::srv::GetRepulsiveForce_Request_<std::allocator<void> > >, std::shared_ptr<vacuum_cleaner_robot_custom_interfaces::srv::GetRepulsiveForce_Response_<std::allocator<void> > >)[m[Kâ€™:
[01m[K/home/fourfold/dev/inmind sessions/inmind-session-12/vacuum-cleaner-robot/src/vacuum_cleaner_robot/src/obstacle_avoidance_server.cpp:54:154:[m[K [01;35m[Kwarning: [m[Kunused parameter â€˜[01m[Krequest[m[Kâ€™ [[01;35m[K]8;;https://gcc.gnu.org/onlinedocs/gcc/Warning-Options.html#index-Wunused-parameter-Wunused-parameter]8;;[m[K]
   54 | void ObstacleAvoidanceServer::obstacle_avoidance_callback([01;35m[Kconst std::shared_ptr<vacuum_cleaner_robot_custom_interfaces::srv::GetRepulsiveForce::Request> request[m[K,
      |                                                           [01;35m[K~~~~~~~~~~~~~~~~~~~~~~~~~~~~~~~~~~~~~~~~~~~~~~~~~~~~~~~~~~~~~~~~~~~~~~~~~~~~~~~~~~~~~~~~~~~~~~~^~~~~~~[m[K
gmake[2]: *** [CMakeFiles/navigator.dir/build.make:76: CMakeFiles/navigator.dir/src/navigator.cpp.o] Error 1
gmake[1]: *** [CMakeFiles/Makefile2:139: CMakeFiles/navigator.dir/all] Error 2
gmake[1]: *** Waiting for unfinished jobs....
gmake: *** [Makefile:146: all] Error 2
