[35m[1mConsolidate compiler generated dependencies of target navigator[0m
[35m[1mConsolidate compiler generated dependencies of target avoidance_server[0m
[ 25%] [32mBuilding CXX object CMakeFiles/navigator.dir/src/navigator.cpp.o[0m
[ 50%] [32mBuilding CXX object CMakeFiles/avoidance_server.dir/src/obstacle_avoidance_server.cpp.o[0m
[01m[K/home/fourfold/dev/inmind sessions/inmind-session-12/vacuum-cleaner-robot/src/vacuum_cleaner_robot/src/navigator.cpp:[m[K In member function â€˜[01m[Kgeometry_msgs::msg::Vector3 Navigator::get_repulsive_force()[m[Kâ€™:
[01m[K/home/fourfold/dev/inmind sessions/inmind-session-12/vacuum-cleaner-robot/src/vacuum_cleaner_robot/src/navigator.cpp:55:13:[m[K [01;31m[Kerror: [m[Kreturn-statement with no value, in function returning â€˜[01m[Kgeometry_msgs::msg::Vector3[m[Kâ€™ {aka â€˜[01m[Kgeometry_msgs::msg::Vector3_<std::allocator<void> >[m[Kâ€™} [[01;31m[K]8;;https://gcc.gnu.org/onlinedocs/gcc/Warning-Options.html#index-fpermissive-fpermissive]8;;[m[K]
   55 |             [01;31m[Kreturn[m[K;
      |             [01;31m[K^~~~~~[m[K
gmake[2]: *** [CMakeFiles/navigator.dir/build.make:76: CMakeFiles/navigator.dir/src/navigator.cpp.o] Error 1
gmake[1]: *** [CMakeFiles/Makefile2:139: CMakeFiles/navigator.dir/all] Error 2
gmake[1]: *** Waiting for unfinished jobs....
[ 75%] [32m[1mLinking CXX executable avoidance_server[0m
[ 75%] Built target avoidance_server
gmake: *** [Makefile:146: all] Error 2
